<?xml version="1.0" encoding="UTF-8"?>
<coverage generated="1492674946733" clover="3.2.0">
  <project timestamp="1492674946733" name="All files">
    <metrics statements="67" coveredstatements="57" conditionals="37" coveredconditionals="25" methods="17" coveredmethods="14" elements="121" coveredelements="96" complexity="0" loc="67" ncloc="67" packages="4" files="8" classes="8">
      <package name="actions">
        <metrics statements="2" coveredstatements="2" conditionals="0" coveredconditionals="0" methods="2" coveredmethods="2"/>
        <file name="CoordinatesActions.js" path="C:\workspace\mapTest\app\actions\CoordinatesActions.js">
          <metrics statements="1" coveredstatements="1" conditionals="0" coveredconditionals="0" methods="1" coveredmethods="1"/>
          <line num="5" count="2" type="stmt"/>
        </file>
        <file name="PlacesActions.js" path="C:\workspace\mapTest\app\actions\PlacesActions.js">
          <metrics statements="1" coveredstatements="1" conditionals="0" coveredconditionals="0" methods="1" coveredmethods="1"/>
          <line num="5" count="2" type="stmt"/>
        </file>
      </package>
      <package name="components.utils">
        <metrics statements="26" coveredstatements="20" conditionals="14" coveredconditionals="12" methods="10" coveredmethods="7"/>
        <file name="GeolocationDisplay.jsx" path="C:\workspace\mapTest\app\components\utils\GeolocationDisplay.jsx">
          <metrics statements="8" coveredstatements="8" conditionals="12" coveredconditionals="10" methods="4" coveredmethods="3"/>
          <line num="9" count="1" type="stmt"/>
          <line num="23" count="5" type="stmt"/>
          <line num="24" count="5" type="stmt"/>
          <line num="26" count="5" type="stmt"/>
          <line num="32" count="1" type="stmt"/>
          <line num="36" count="6" type="stmt"/>
          <line num="80" count="1" type="stmt"/>
          <line num="99" count="1" type="stmt"/>
        </file>
        <file name="ItemImage.jsx" path="C:\workspace\mapTest\app\components\utils\ItemImage.jsx">
          <metrics statements="4" coveredstatements="4" conditionals="2" coveredconditionals="2" methods="1" coveredmethods="1"/>
          <line num="5" count="1" type="stmt"/>
          <line num="6" count="2" type="cond" truecount="2" falsecount="0"/>
          <line num="7" count="1" type="stmt"/>
          <line num="11" count="1" type="stmt"/>
        </file>
        <file name="TestDisplayPositionFromStore.jsx" path="C:\workspace\mapTest\app\components\utils\TestDisplayPositionFromStore.jsx">
          <metrics statements="14" coveredstatements="8" conditionals="0" coveredconditionals="0" methods="5" coveredmethods="3"/>
          <line num="10" count="1" type="stmt"/>
          <line num="11" count="1" type="stmt"/>
          <line num="12" count="1" type="stmt"/>
          <line num="16" count="1" type="stmt"/>
          <line num="17" count="1" type="stmt"/>
          <line num="18" count="1" type="stmt"/>
          <line num="22" count="0" type="stmt"/>
          <line num="23" count="0" type="stmt"/>
          <line num="24" count="0" type="stmt"/>
          <line num="28" count="0" type="stmt"/>
          <line num="29" count="0" type="stmt"/>
          <line num="30" count="0" type="stmt"/>
          <line num="34" count="2" type="stmt"/>
          <line num="46" count="2" type="stmt"/>
        </file>
      </package>
      <package name="reducers">
        <metrics statements="14" coveredstatements="14" conditionals="3" coveredconditionals="3" methods="2" coveredmethods="2"/>
        <file name="placesReducer.js" path="C:\workspace\mapTest\app\reducers\placesReducer.js">
          <metrics statements="14" coveredstatements="14" conditionals="3" coveredconditionals="3" methods="2" coveredmethods="2"/>
          <line num="6" count="1" type="stmt"/>
          <line num="7" count="1" type="stmt"/>
          <line num="8" count="1" type="stmt"/>
          <line num="10" count="1" type="stmt"/>
          <line num="14" count="1" type="cond" truecount="1" falsecount="0"/>
          <line num="15" count="2" type="cond" truecount="2" falsecount="0"/>
          <line num="18" count="1" type="stmt"/>
          <line num="19" count="1" type="stmt"/>
          <line num="22" count="1" type="stmt"/>
          <line num="23" count="2" type="stmt"/>
          <line num="26" count="1" type="stmt"/>
          <line num="27" count="1" type="stmt"/>
          <line num="29" count="1" type="stmt"/>
          <line num="38" count="1" type="stmt"/>
        </file>
      </package>
      <package name="utils">
        <metrics statements="25" coveredstatements="21" conditionals="20" coveredconditionals="10" methods="3" coveredmethods="3"/>
        <file name="constants.js" path="C:\workspace\mapTest\app\utils\constants.js">
          <metrics statements="2" coveredstatements="2" conditionals="0" coveredconditionals="0" methods="0" coveredmethods="0"/>
          <line num="2" count="5" type="stmt"/>
          <line num="3" count="5" type="stmt"/>
        </file>
        <file name="stringifyOnce.js" path="C:\workspace\mapTest\app\utils\stringifyOnce.js">
          <metrics statements="23" coveredstatements="19" conditionals="20" coveredconditionals="10" methods="3" coveredmethods="3"/>
          <line num="1" count="2" type="stmt"/>
          <line num="2" count="2" type="stmt"/>
          <line num="3" count="2" type="stmt"/>
          <line num="7" count="10" type="cond" truecount="1" falsecount="1"/>
          <line num="8" count="0" type="stmt"/>
          <line num="10" count="10" type="stmt"/>
          <line num="11" count="10" type="stmt"/>
          <line num="12" count="21" type="cond" truecount="2" falsecount="0"/>
          <line num="13" count="1" type="stmt"/>
          <line num="17" count="10" type="cond" truecount="2" falsecount="0"/>
          <line num="18" count="2" type="stmt"/>
          <line num="19" count="2" type="stmt"/>
          <line num="20" count="2" type="stmt"/>
          <line num="21" count="8" type="cond" truecount="3" falsecount="1"/>
          <line num="22" count="0" type="cond" truecount="0" falsecount="2"/>
          <line num="23" count="0" type="cond" truecount="0" falsecount="4"/>
          <line num="25" count="8" type="cond" truecount="1" falsecount="1"/>
          <line num="26" count="8" type="stmt"/>
          <line num="27" count="8" type="stmt"/>
          <line num="28" count="8" type="cond" truecount="1" falsecount="1"/>
          <line num="29" count="0" type="stmt"/>
          <line num="31" count="8" type="stmt"/>
          <line num="33" count="2" type="stmt"/>
        </file>
      </package>
    </metrics>
  </project>
</coverage>
