{"C:\\workspace\\mapTest\\app\\actions\\CoordinatesActions.js": {"path":"C:\\workspace\\mapTest\\app\\actions\\CoordinatesActions.js","statementMap":{"0":{"start":{"line":5,"column":2},"end":{"line":10,"column":4}}},"fnMap":{"0":{"name":"setCurrentLocation","decl":{"start":{"line":3,"column":16},"end":{"line":3,"column":34}},"loc":{"start":{"line":3,"column":62},"end":{"line":11,"column":1}},"line":3}},"branchMap":{},"s":{"0":2},"f":{"0":2},"b":{},"_coverageSchema":"332fd63041d2c1bcb487cc26dd0d5f7d97098a6c","hash":"23833e1aef8fd1d84421c026db217ce274b42991"}
,"C:\\workspace\\mapTest\\app\\actions\\PlacesActions.js": {"path":"C:\\workspace\\mapTest\\app\\actions\\PlacesActions.js","statementMap":{"0":{"start":{"line":5,"column":2},"end":{"line":8,"column":4}}},"fnMap":{"0":{"name":"setCurrentPlaces","decl":{"start":{"line":3,"column":16},"end":{"line":3,"column":32}},"loc":{"start":{"line":3,"column":41},"end":{"line":9,"column":1}},"line":3}},"branchMap":{},"s":{"0":2},"f":{"0":2},"b":{},"_coverageSchema":"332fd63041d2c1bcb487cc26dd0d5f7d97098a6c","hash":"4ae6e02bf75a883965a8516e71d78ad698a291d3"}
,"C:\\workspace\\mapTest\\app\\components\\utils\\GeolocationDisplay.jsx": {"path":"C:\\workspace\\mapTest\\app\\components\\utils\\GeolocationDisplay.jsx","statementMap":{"0":{"start":{"line":9,"column":15},"end":{"line":18,"column":1}},"1":{"start":{"line":23,"column":4},"end":{"line":23,"column":12}},"2":{"start":{"line":24,"column":4},"end":{"line":24,"column":41}},"3":{"start":{"line":26,"column":4},"end":{"line":28,"column":6}},"4":{"start":{"line":32,"column":4},"end":{"line":32,"column":66}},"5":{"start":{"line":36,"column":4},"end":{"line":73,"column":6}},"6":{"start":{"line":80,"column":0},"end":{"line":93,"column":2}},"7":{"start":{"line":99,"column":24},"end":{"line":99,"column":81}},"8":{"start":{"line":99,"column":37},"end":{"line":99,"column":79}}},"fnMap":{"0":{"name":"(anonymous_0)","decl":{"start":{"line":22,"column":2},"end":{"line":22,"column":3}},"loc":{"start":{"line":22,"column":16},"end":{"line":29,"column":3}},"line":22},"1":{"name":"(anonymous_1)","decl":{"start":{"line":31,"column":2},"end":{"line":31,"column":3}},"loc":{"start":{"line":31,"column":11},"end":{"line":33,"column":3}},"line":31},"2":{"name":"(anonymous_2)","decl":{"start":{"line":35,"column":11},"end":{"line":35,"column":12}},"loc":{"start":{"line":35,"column":17},"end":{"line":74,"column":3}},"line":35},"3":{"name":"(anonymous_3)","decl":{"start":{"line":99,"column":24},"end":{"line":99,"column":25}},"loc":{"start":{"line":99,"column":35},"end":{"line":99,"column":81}},"line":99}},"branchMap":{"0":{"loc":{"start":{"line":38,"column":68},"end":{"line":38,"column":135}},"type":"cond-expr","locations":[{"start":{"line":38,"column":98},"end":{"line":38,"column":115}},{"start":{"line":38,"column":118},"end":{"line":38,"column":135}}],"line":38},"1":{"loc":{"start":{"line":47,"column":31},"end":{"line":47,"column":138}},"type":"cond-expr","locations":[{"start":{"line":47,"column":65},"end":{"line":47,"column":126}},{"start":{"line":47,"column":129},"end":{"line":47,"column":138}}],"line":47},"2":{"loc":{"start":{"line":48,"column":32},"end":{"line":48,"column":141}},"type":"cond-expr","locations":[{"start":{"line":48,"column":67},"end":{"line":48,"column":129}},{"start":{"line":48,"column":132},"end":{"line":48,"column":141}}],"line":48},"3":{"loc":{"start":{"line":49,"column":27},"end":{"line":49,"column":73}},"type":"cond-expr","locations":[{"start":{"line":49,"column":57},"end":{"line":49,"column":63}},{"start":{"line":49,"column":66},"end":{"line":49,"column":73}}],"line":49},"4":{"loc":{"start":{"line":50,"column":30},"end":{"line":50,"column":79}},"type":"cond-expr","locations":[{"start":{"line":50,"column":63},"end":{"line":50,"column":69}},{"start":{"line":50,"column":72},"end":{"line":50,"column":79}}],"line":50},"5":{"loc":{"start":{"line":51,"column":37},"end":{"line":51,"column":90}},"type":"cond-expr","locations":[{"start":{"line":51,"column":74},"end":{"line":51,"column":80}},{"start":{"line":51,"column":83},"end":{"line":51,"column":90}}],"line":51}},"s":{"0":1,"1":5,"2":5,"3":5,"4":1,"5":6,"6":1,"7":1,"8":0},"f":{"0":5,"1":1,"2":6,"3":0},"b":{"0":[1,5],"1":[1,5],"2":[1,5],"3":[1,5],"4":[0,6],"5":[0,6]},"_coverageSchema":"332fd63041d2c1bcb487cc26dd0d5f7d97098a6c","hash":"5b44ff8ce90c19f2fb261e2b8316c3dd8d0e14b5"}
,"C:\\workspace\\mapTest\\app\\components\\utils\\ItemImage.jsx": {"path":"C:\\workspace\\mapTest\\app\\components\\utils\\ItemImage.jsx","statementMap":{"0":{"start":{"line":5,"column":18},"end":{"line":8,"column":1}},"1":{"start":{"line":6,"column":2},"end":{"line":6,"column":29}},"2":{"start":{"line":6,"column":17},"end":{"line":6,"column":29}},"3":{"start":{"line":7,"column":2},"end":{"line":7,"column":121}},"4":{"start":{"line":11,"column":0},"end":{"line":13,"column":2}}},"fnMap":{"0":{"name":"(anonymous_0)","decl":{"start":{"line":5,"column":18},"end":{"line":5,"column":19}},"loc":{"start":{"line":5,"column":27},"end":{"line":8,"column":1}},"line":5}},"branchMap":{"0":{"loc":{"start":{"line":6,"column":2},"end":{"line":6,"column":29}},"type":"if","locations":[{"start":{"line":6,"column":2},"end":{"line":6,"column":29}},{"start":{"line":6,"column":2},"end":{"line":6,"column":29}}],"line":6}},"s":{"0":1,"1":2,"2":1,"3":1,"4":1},"f":{"0":2},"b":{"0":[1,1]},"_coverageSchema":"332fd63041d2c1bcb487cc26dd0d5f7d97098a6c","hash":"72e6a58a1a7d94101e6082a1e7085f0e845007fd"}
,"C:\\workspace\\mapTest\\app\\components\\utils\\TestDisplayPositionFromStore.jsx": {"path":"C:\\workspace\\mapTest\\app\\components\\utils\\TestDisplayPositionFromStore.jsx","statementMap":{"0":{"start":{"line":10,"column":25},"end":{"line":10,"column":35}},"1":{"start":{"line":11,"column":19},"end":{"line":11,"column":84}},"2":{"start":{"line":12,"column":4},"end":{"line":12,"column":21}},"3":{"start":{"line":16,"column":4},"end":{"line":16,"column":23}},"4":{"start":{"line":17,"column":4},"end":{"line":17,"column":100}},"5":{"start":{"line":18,"column":4},"end":{"line":18,"column":25}},"6":{"start":{"line":22,"column":4},"end":{"line":22,"column":23}},"7":{"start":{"line":23,"column":4},"end":{"line":23,"column":41}},"8":{"start":{"line":24,"column":4},"end":{"line":24,"column":25}},"9":{"start":{"line":28,"column":4},"end":{"line":28,"column":23}},"10":{"start":{"line":29,"column":4},"end":{"line":29,"column":46}},"11":{"start":{"line":30,"column":4},"end":{"line":30,"column":25}},"12":{"start":{"line":34,"column":4},"end":{"line":42,"column":6}},"13":{"start":{"line":46,"column":0},"end":{"line":49,"column":2}}},"fnMap":{"0":{"name":"(anonymous_0)","decl":{"start":{"line":9,"column":19},"end":{"line":9,"column":20}},"loc":{"start":{"line":9,"column":44},"end":{"line":13,"column":3}},"line":9},"1":{"name":"(anonymous_1)","decl":{"start":{"line":15,"column":16},"end":{"line":15,"column":17}},"loc":{"start":{"line":15,"column":23},"end":{"line":19,"column":3}},"line":15},"2":{"name":"(anonymous_2)","decl":{"start":{"line":21,"column":20},"end":{"line":21,"column":21}},"loc":{"start":{"line":21,"column":27},"end":{"line":25,"column":3}},"line":21},"3":{"name":"(anonymous_3)","decl":{"start":{"line":27,"column":15},"end":{"line":27,"column":16}},"loc":{"start":{"line":27,"column":22},"end":{"line":31,"column":3}},"line":27},"4":{"name":"(anonymous_4)","decl":{"start":{"line":33,"column":11},"end":{"line":33,"column":12}},"loc":{"start":{"line":33,"column":17},"end":{"line":43,"column":3}},"line":33}},"branchMap":{},"s":{"0":1,"1":1,"2":1,"3":1,"4":1,"5":1,"6":0,"7":0,"8":0,"9":0,"10":0,"11":0,"12":2,"13":2},"f":{"0":1,"1":1,"2":0,"3":0,"4":2},"b":{},"_coverageSchema":"332fd63041d2c1bcb487cc26dd0d5f7d97098a6c","hash":"857b8c66ff2f4fa1988c5b898f135f69a56b2f56"}
,"C:\\workspace\\mapTest\\app\\reducers\\placesReducer.js": {"path":"C:\\workspace\\mapTest\\app\\reducers\\placesReducer.js","statementMap":{"0":{"start":{"line":6,"column":25},"end":{"line":6,"column":58}},"1":{"start":{"line":7,"column":0},"end":{"line":7,"column":35}},"2":{"start":{"line":8,"column":0},"end":{"line":8,"column":56}},"3":{"start":{"line":10,"column":21},"end":{"line":12,"column":1}},"4":{"start":{"line":14,"column":22},"end":{"line":41,"column":1}},"5":{"start":{"line":15,"column":2},"end":{"line":40,"column":3}},"6":{"start":{"line":18,"column":4},"end":{"line":18,"column":73}},"7":{"start":{"line":19,"column":4},"end":{"line":19,"column":66}},"8":{"start":{"line":22,"column":21},"end":{"line":24,"column":6}},"9":{"start":{"line":23,"column":6},"end":{"line":23,"column":38}},"10":{"start":{"line":26,"column":4},"end":{"line":26,"column":63}},"11":{"start":{"line":27,"column":4},"end":{"line":27,"column":67}},"12":{"start":{"line":29,"column":4},"end":{"line":29,"column":32}},"13":{"start":{"line":38,"column":4},"end":{"line":38,"column":17}}},"fnMap":{"0":{"name":"(anonymous_0)","decl":{"start":{"line":14,"column":22},"end":{"line":14,"column":23}},"loc":{"start":{"line":14,"column":56},"end":{"line":41,"column":1}},"line":14},"1":{"name":"(anonymous_1)","decl":{"start":{"line":22,"column":39},"end":{"line":22,"column":40}},"loc":{"start":{"line":22,"column":50},"end":{"line":24,"column":5}},"line":22}},"branchMap":{"0":{"loc":{"start":{"line":14,"column":23},"end":{"line":14,"column":43}},"type":"default-arg","locations":[{"start":{"line":14,"column":31},"end":{"line":14,"column":43}}],"line":14},"1":{"loc":{"start":{"line":15,"column":2},"end":{"line":40,"column":3}},"type":"switch","locations":[{"start":{"line":17,"column":2},"end":{"line":30,"column":3}},{"start":{"line":33,"column":2},"end":{"line":39,"column":3}}],"line":15}},"s":{"0":1,"1":1,"2":1,"3":1,"4":1,"5":2,"6":1,"7":1,"8":1,"9":2,"10":1,"11":1,"12":1,"13":1},"f":{"0":2,"1":2},"b":{"0":[2],"1":[1,1]},"_coverageSchema":"332fd63041d2c1bcb487cc26dd0d5f7d97098a6c","hash":"1302bdf3246a05f510d019ccb5dc0dc801c6975c"}
,"C:\\workspace\\mapTest\\app\\utils\\constants.js": {"path":"C:\\workspace\\mapTest\\app\\utils\\constants.js","statementMap":{"0":{"start":{"line":2,"column":36},"end":{"line":2,"column":58}},"1":{"start":{"line":3,"column":34},"end":{"line":3,"column":54}}},"fnMap":{},"branchMap":{},"s":{"0":5,"1":5},"f":{},"b":{},"_coverageSchema":"332fd63041d2c1bcb487cc26dd0d5f7d97098a6c","hash":"17c8fa874f293b6749937d0913bdb1b28e5a8ea0"}
,"C:\\workspace\\mapTest\\app\\utils\\stringifyOnce.js": {"path":"C:\\workspace\\mapTest\\app\\utils\\stringifyOnce.js","statementMap":{"0":{"start":{"line":1,"column":22},"end":{"line":34,"column":1}},"1":{"start":{"line":2,"column":25},"end":{"line":2,"column":27}},"2":{"start":{"line":3,"column":28},"end":{"line":3,"column":30}},"3":{"start":{"line":7,"column":4},"end":{"line":9,"column":5}},"4":{"start":{"line":8,"column":6},"end":{"line":8,"column":31}},"5":{"start":{"line":10,"column":26},"end":{"line":10,"column":31}},"6":{"start":{"line":11,"column":4},"end":{"line":15,"column":7}},"7":{"start":{"line":12,"column":6},"end":{"line":14,"column":7}},"8":{"start":{"line":13,"column":8},"end":{"line":13,"column":32}},"9":{"start":{"line":17,"column":4},"end":{"line":24,"column":5}},"10":{"start":{"line":18,"column":6},"end":{"line":18,"column":31}},"11":{"start":{"line":19,"column":6},"end":{"line":19,"column":37}},"12":{"start":{"line":20,"column":6},"end":{"line":20,"column":19}},"13":{"start":{"line":21,"column":11},"end":{"line":24,"column":5}},"14":{"start":{"line":22,"column":6},"end":{"line":22,"column":84}},"15":{"start":{"line":22,"column":57},"end":{"line":22,"column":84}},"16":{"start":{"line":23,"column":6},"end":{"line":23,"column":162}},"17":{"start":{"line":25,"column":25},"end":{"line":25,"column":45}},"18":{"start":{"line":26,"column":4},"end":{"line":26,"column":31}},"19":{"start":{"line":27,"column":4},"end":{"line":27,"column":41}},"20":{"start":{"line":28,"column":4},"end":{"line":30,"column":5}},"21":{"start":{"line":29,"column":6},"end":{"line":29,"column":34}},"22":{"start":{"line":31,"column":4},"end":{"line":31,"column":17}},"23":{"start":{"line":33,"column":2},"end":{"line":33,"column":56}}},"fnMap":{"0":{"name":"(anonymous_0)","decl":{"start":{"line":1,"column":22},"end":{"line":1,"column":23}},"loc":{"start":{"line":1,"column":49},"end":{"line":34,"column":1}},"line":1},"1":{"name":"printOnceReplacer","decl":{"start":{"line":5,"column":11},"end":{"line":5,"column":28}},"loc":{"start":{"line":5,"column":41},"end":{"line":32,"column":3}},"line":5},"2":{"name":"(anonymous_2)","decl":{"start":{"line":11,"column":27},"end":{"line":11,"column":28}},"loc":{"start":{"line":11,"column":44},"end":{"line":15,"column":5}},"line":11}},"branchMap":{"0":{"loc":{"start":{"line":7,"column":4},"end":{"line":9,"column":5}},"type":"if","locations":[{"start":{"line":7,"column":4},"end":{"line":9,"column":5}},{"start":{"line":7,"column":4},"end":{"line":9,"column":5}}],"line":7},"1":{"loc":{"start":{"line":12,"column":6},"end":{"line":14,"column":7}},"type":"if","locations":[{"start":{"line":12,"column":6},"end":{"line":14,"column":7}},{"start":{"line":12,"column":6},"end":{"line":14,"column":7}}],"line":12},"2":{"loc":{"start":{"line":17,"column":4},"end":{"line":24,"column":5}},"type":"if","locations":[{"start":{"line":17,"column":4},"end":{"line":24,"column":5}},{"start":{"line":17,"column":4},"end":{"line":24,"column":5}}],"line":17},"3":{"loc":{"start":{"line":21,"column":11},"end":{"line":24,"column":5}},"type":"if","locations":[{"start":{"line":21,"column":11},"end":{"line":24,"column":5}},{"start":{"line":21,"column":11},"end":{"line":24,"column":5}}],"line":21},"4":{"loc":{"start":{"line":21,"column":15},"end":{"line":21,"column":78}},"type":"binary-expr","locations":[{"start":{"line":21,"column":15},"end":{"line":21,"column":47}},{"start":{"line":21,"column":51},"end":{"line":21,"column":78}}],"line":21},"5":{"loc":{"start":{"line":22,"column":6},"end":{"line":22,"column":84}},"type":"if","locations":[{"start":{"line":22,"column":6},"end":{"line":22,"column":84}},{"start":{"line":22,"column":6},"end":{"line":22,"column":84}}],"line":22},"6":{"loc":{"start":{"line":23,"column":22},"end":{"line":23,"column":110}},"type":"cond-expr","locations":[{"start":{"line":23,"column":57},"end":{"line":23,"column":93}},{"start":{"line":23,"column":96},"end":{"line":23,"column":110}}],"line":23},"7":{"loc":{"start":{"line":23,"column":23},"end":{"line":23,"column":53}},"type":"binary-expr","locations":[{"start":{"line":23,"column":23},"end":{"line":23,"column":30}},{"start":{"line":23,"column":34},"end":{"line":23,"column":53}}],"line":23},"8":{"loc":{"start":{"line":25,"column":25},"end":{"line":25,"column":45}},"type":"binary-expr","locations":[{"start":{"line":25,"column":25},"end":{"line":25,"column":28}},{"start":{"line":25,"column":32},"end":{"line":25,"column":45}}],"line":25},"9":{"loc":{"start":{"line":28,"column":4},"end":{"line":30,"column":5}},"type":"if","locations":[{"start":{"line":28,"column":4},"end":{"line":30,"column":5}},{"start":{"line":28,"column":4},"end":{"line":30,"column":5}}],"line":28}},"s":{"0":2,"1":2,"2":2,"3":10,"4":0,"5":10,"6":10,"7":21,"8":1,"9":10,"10":2,"11":2,"12":2,"13":8,"14":0,"15":0,"16":0,"17":8,"18":8,"19":8,"20":8,"21":0,"22":8,"23":2},"f":{"0":2,"1":10,"2":21},"b":{"0":[0,10],"1":[1,20],"2":[2,8],"3":[0,8],"4":[8,1],"5":[0,0],"6":[0,0],"7":[0,0],"8":[8,0],"9":[0,8]},"_coverageSchema":"332fd63041d2c1bcb487cc26dd0d5f7d97098a6c","hash":"1ad4970b6b71d7be598b1120f6ea0d2d9f1e50be"}
}
