TN:
SF:C:/workspace/mapTest/server/server.js
FN:27,(anonymous_1)
FN:60,(anonymous_2)
FN:65,(anonymous_3)
FNF:3
FNH:2
FNDA:2,(anonymous_1)
FNDA:0,(anonymous_2)
FNDA:1,(anonymous_3)
DA:9,2
DA:10,2
DA:11,2
DA:13,2
DA:15,2
DA:21,2
DA:24,2
DA:27,2
DA:28,2
DA:29,0
DA:30,0
DA:34,2
DA:48,2
DA:50,2
DA:53,2
DA:57,2
DA:60,2
DA:61,0
DA:64,2
DA:65,2
DA:66,1
LF:21
LH:18
BRDA:27,1,0,2
BRDA:27,1,1,0
BRDA:28,2,0,0
BRDA:28,2,1,2
BRDA:64,3,0,2
BRDA:64,3,1,0
BRF:6
BRH:3
end_of_record
TN:
SF:C:/workspace/mapTest/server/controllers/itemController.js
FN:12,getItems
FN:13,(anonymous_2)
FN:29,addItem
FN:40,(anonymous_4)
FN:57,getItem
FN:58,(anonymous_6)
FN:73,deleteItem
FN:74,(anonymous_8)
FN:79,(anonymous_9)
FNF:9
FNH:2
FNDA:1,getItems
FNDA:1,(anonymous_2)
FNDA:0,addItem
FNDA:0,(anonymous_4)
FNDA:0,getItem
FNDA:0,(anonymous_6)
FNDA:0,deleteItem
FNDA:0,(anonymous_8)
FNDA:0,(anonymous_9)
DA:1,2
DA:2,2
DA:3,2
DA:13,1
DA:14,1
DA:15,0
DA:17,1
DA:30,0
DA:31,0
DA:32,0
DA:35,0
DA:38,0
DA:39,0
DA:40,0
DA:41,0
DA:42,0
DA:44,0
DA:45,0
DA:47,0
DA:58,0
DA:59,0
DA:60,0
DA:62,0
DA:74,0
DA:75,0
DA:76,0
DA:79,0
DA:80,0
LF:28
LH:6
BRDA:14,1,0,0
BRDA:14,1,1,1
BRDA:31,2,0,0
BRDA:31,2,1,0
BRDA:41,3,0,0
BRDA:41,3,1,0
BRDA:59,4,0,0
BRDA:59,4,1,0
BRDA:75,5,0,0
BRDA:75,5,1,0
BRF:10
BRH:1
end_of_record
TN:
SF:C:/workspace/mapTest/server/controllers/userController.js
FN:12,getUsers
FN:13,(anonymous_2)
FN:29,addUser
FN:42,(anonymous_4)
FN:59,getUser
FN:60,(anonymous_6)
FN:75,deleteUser
FN:76,(anonymous_8)
FN:81,(anonymous_9)
FNF:9
FNH:0
FNDA:0,getUsers
FNDA:0,(anonymous_2)
FNDA:0,addUser
FNDA:0,(anonymous_4)
FNDA:0,getUser
FNDA:0,(anonymous_6)
FNDA:0,deleteUser
FNDA:0,(anonymous_8)
FNDA:0,(anonymous_9)
DA:1,2
DA:2,2
DA:3,2
DA:13,0
DA:14,0
DA:15,0
DA:17,0
DA:30,0
DA:31,0
DA:32,0
DA:35,0
DA:38,0
DA:39,0
DA:40,0
DA:41,0
DA:42,0
DA:43,0
DA:44,0
DA:46,0
DA:47,0
DA:49,0
DA:60,0
DA:61,0
DA:62,0
DA:64,0
DA:76,0
DA:77,0
DA:78,0
DA:81,0
DA:82,0
LF:30
LH:3
BRDA:14,1,0,0
BRDA:14,1,1,0
BRDA:31,2,0,0
BRDA:31,2,1,0
BRDA:31,3,0,0
BRDA:31,3,1,0
BRDA:31,3,2,0
BRDA:43,4,0,0
BRDA:43,4,1,0
BRDA:61,5,0,0
BRDA:61,5,1,0
BRDA:77,6,0,0
BRDA:77,6,1,0
BRF:13
BRH:0
end_of_record
TN:
SF:C:/workspace/mapTest/server/models/item.js
FN:14,(anonymous_1)
FNF:1
FNH:1
FNDA:12,(anonymous_1)
DA:1,2
DA:3,2
DA:5,2
DA:14,2
DA:15,12
DA:16,12
LF:6
LH:6
BRF:0
BRH:0
end_of_record
TN:
SF:C:/workspace/mapTest/server/models/mark.js
FN:19,(anonymous_1)
FNF:1
FNH:0
FNDA:0,(anonymous_1)
DA:1,2
DA:2,2
DA:3,2
DA:4,2
DA:6,2
DA:8,2
DA:19,2
DA:20,0
DA:21,0
LF:9
LH:7
BRF:0
BRH:0
end_of_record
TN:
SF:C:/workspace/mapTest/server/models/place.js
FN:16,(anonymous_1)
FNF:1
FNH:1
FNDA:18,(anonymous_1)
DA:1,2
DA:2,2
DA:4,2
DA:6,2
DA:16,2
DA:17,18
DA:18,18
LF:7
LH:7
BRF:0
BRH:0
end_of_record
TN:
SF:C:/workspace/mapTest/server/models/user.js
FN:18,(anonymous_1)
FNF:1
FNH:1
FNDA:6,(anonymous_1)
DA:1,2
DA:3,2
DA:5,2
DA:18,2
DA:19,6
DA:20,6
LF:6
LH:6
BRF:0
BRH:0
end_of_record
TN:
SF:C:/workspace/mapTest/server/routes/apiRoutes.js
FNF:0
FNH:0
DA:1,2
DA:2,2
DA:3,2
DA:4,2
DA:10,2
DA:13,2
DA:16,2
DA:19,2
DA:25,2
DA:28,2
DA:31,2
DA:34,2
LF:12
LH:12
BRF:0
BRH:0
end_of_record
