TN:
SF:C:\workspace\mapTest\app\actions\CoordinatesActions.js
FN:3,setCurrentLocation
FNF:1
FNH:1
FNDA:2,setCurrentLocation
DA:5,2
LF:1
LH:1
BRF:0
BRH:0
end_of_record
TN:
SF:C:\workspace\mapTest\app\actions\PlacesActions.js
FN:3,setCurrentPlaces
FNF:1
FNH:1
FNDA:2,setCurrentPlaces
DA:5,2
LF:1
LH:1
BRF:0
BRH:0
end_of_record
TN:
SF:C:\workspace\mapTest\app\components\utils\GeolocationDisplay.jsx
FN:22,(anonymous_0)
FN:31,(anonymous_1)
FN:35,(anonymous_2)
FN:99,(anonymous_3)
FNF:4
FNH:3
FNDA:5,(anonymous_0)
FNDA:1,(anonymous_1)
FNDA:6,(anonymous_2)
FNDA:0,(anonymous_3)
DA:9,1
DA:23,5
DA:24,5
DA:26,5
DA:32,1
DA:36,6
DA:80,1
DA:99,1
LF:8
LH:8
BRDA:38,0,0,1
BRDA:38,0,1,5
BRDA:47,1,0,1
BRDA:47,1,1,5
BRDA:48,2,0,1
BRDA:48,2,1,5
BRDA:49,3,0,1
BRDA:49,3,1,5
BRDA:50,4,0,0
BRDA:50,4,1,6
BRDA:51,5,0,0
BRDA:51,5,1,6
BRF:12
BRH:10
end_of_record
TN:
SF:C:\workspace\mapTest\app\components\utils\ItemImage.jsx
FN:5,(anonymous_0)
FNF:1
FNH:1
FNDA:2,(anonymous_0)
DA:5,1
DA:6,2
DA:7,1
DA:11,1
LF:4
LH:4
BRDA:6,0,0,1
BRDA:6,0,1,1
BRF:2
BRH:2
end_of_record
TN:
SF:C:\workspace\mapTest\app\components\utils\TestDisplayPositionFromStore.jsx
FN:9,(anonymous_0)
FN:15,(anonymous_1)
FN:21,(anonymous_2)
FN:27,(anonymous_3)
FN:33,(anonymous_4)
FNF:5
FNH:3
FNDA:1,(anonymous_0)
FNDA:1,(anonymous_1)
FNDA:0,(anonymous_2)
FNDA:0,(anonymous_3)
FNDA:2,(anonymous_4)
DA:10,1
DA:11,1
DA:12,1
DA:16,1
DA:17,1
DA:18,1
DA:22,0
DA:23,0
DA:24,0
DA:28,0
DA:29,0
DA:30,0
DA:34,2
DA:46,2
LF:14
LH:8
BRF:0
BRH:0
end_of_record
TN:
SF:C:\workspace\mapTest\app\reducers\placesReducer.js
FN:14,(anonymous_0)
FN:22,(anonymous_1)
FNF:2
FNH:2
FNDA:2,(anonymous_0)
FNDA:2,(anonymous_1)
DA:6,1
DA:7,1
DA:8,1
DA:10,1
DA:14,1
DA:15,2
DA:18,1
DA:19,1
DA:22,1
DA:23,2
DA:26,1
DA:27,1
DA:29,1
DA:38,1
LF:14
LH:14
BRDA:14,0,0,2
BRDA:15,1,0,1
BRDA:15,1,1,1
BRF:3
BRH:3
end_of_record
TN:
SF:C:\workspace\mapTest\app\utils\constants.js
FNF:0
FNH:0
DA:2,5
DA:3,5
LF:2
LH:2
BRF:0
BRH:0
end_of_record
TN:
SF:C:\workspace\mapTest\app\utils\stringifyOnce.js
FN:1,(anonymous_0)
FN:5,printOnceReplacer
FN:11,(anonymous_2)
FNF:3
FNH:3
FNDA:2,(anonymous_0)
FNDA:10,printOnceReplacer
FNDA:21,(anonymous_2)
DA:1,2
DA:2,2
DA:3,2
DA:7,10
DA:8,0
DA:10,10
DA:11,10
DA:12,21
DA:13,1
DA:17,10
DA:18,2
DA:19,2
DA:20,2
DA:21,8
DA:22,0
DA:23,0
DA:25,8
DA:26,8
DA:27,8
DA:28,8
DA:29,0
DA:31,8
DA:33,2
LF:23
LH:19
BRDA:7,0,0,0
BRDA:7,0,1,10
BRDA:12,1,0,1
BRDA:12,1,1,20
BRDA:17,2,0,2
BRDA:17,2,1,8
BRDA:21,3,0,0
BRDA:21,3,1,8
BRDA:21,4,0,8
BRDA:21,4,1,1
BRDA:22,5,0,0
BRDA:22,5,1,0
BRDA:23,6,0,0
BRDA:23,6,1,0
BRDA:23,7,0,0
BRDA:23,7,1,0
BRDA:25,8,0,8
BRDA:25,8,1,0
BRDA:28,9,0,0
BRDA:28,9,1,8
BRF:20
BRH:10
end_of_record
